2023-10-27 14:14:53.941 [main] INFO  org.example.Main - Start of Execution
2023-10-27 14:15:02.734 [main] INFO  org.example.Main - START OP: Mul
2023-10-27 14:15:02.735 [main] INFO  org.example.Main - END OP: Mul
2023-10-27 14:15:04.759 [main] INFO  org.example.Main - End of Execution
2023-10-27 14:16:07.888 [main] INFO  org.example.Main - START OP: Add
2023-10-27 14:16:07.889 [main] INFO  org.example.Main - END OP: Add
2023-10-27 14:16:07.890 [main] INFO  org.example.Main - START OP: Div
2023-10-27 14:16:07.890 [main] INFO  org.example.Main - END OP: Div
2023-10-27 14:16:07.890 [main] INFO  org.example.Main - START OP: Div
2023-10-27 14:16:07.891 [main] INFO  org.example.Main - END OP: Div
2023-10-27 14:16:07.891 [main] INFO  org.example.Main - START OP: Sub
2023-10-27 14:16:07.891 [main] INFO  org.example.Main - END OP: Sub
2023-10-27 14:16:07.891 [main] INFO  org.example.Main - START OP: Sub
2023-10-27 14:16:07.891 [main] INFO  org.example.Main - END OP: Sub
2023-10-27 14:16:07.891 [main] INFO  org.example.Main - START OP: Mul
2023-10-27 14:16:07.891 [main] INFO  org.example.Main - END OP: Mul
2023-10-27 14:16:07.892 [main] INFO  org.example.Main - START OP: Mul
2023-10-27 14:16:07.892 [main] INFO  org.example.Main - END OP: Mul
2023-10-27 14:16:07.892 [main] INFO  org.example.Main - START OP: Add
2023-10-27 14:16:07.892 [main] INFO  org.example.Main - END OP: Add
2023-10-31 09:38:51.952 [main] INFO  org.example.Main - Start of Execution
2023-10-31 09:38:55.611 [main] INFO  org.example.Main - End of Execution
2023-10-31 09:39:06.174 [main] INFO  org.example.Main - Start of Execution
2023-10-31 09:39:10.731 [main] INFO  org.example.Main - START OP: Sub
2023-10-31 09:39:10.731 [main] INFO  org.example.Main - END OP: Sub
2023-10-31 09:39:21.925 [main] INFO  org.example.Main - START OP: Sub
2023-10-31 09:39:21.925 [main] INFO  org.example.Main - END OP: Sub
2023-10-31 09:40:06.204 [main] INFO  org.example.Main - START OP: Sub
2023-10-31 09:40:06.204 [main] INFO  org.example.Main - END OP: Sub
2023-10-31 09:40:11.753 [main] INFO  org.example.Main - End of Execution
2023-10-31 09:41:25.100 [main] INFO  org.example.Main - START OP: Add
2023-10-31 09:41:25.102 [main] INFO  org.example.Main - END OP: Add
2023-10-31 09:41:25.104 [main] INFO  org.example.Main - START OP: Div
2023-10-31 09:41:25.104 [main] INFO  org.example.Main - END OP: Div
2023-10-31 09:41:25.104 [main] INFO  org.example.Main - START OP: Div
2023-10-31 09:41:25.104 [main] INFO  org.example.Main - END OP: Div
2023-10-31 09:41:25.105 [main] INFO  org.example.Main - START OP: Sub
2023-10-31 09:41:25.105 [main] INFO  org.example.Main - END OP: Sub
2023-10-31 09:41:25.105 [main] INFO  org.example.Main - START OP: Sub
2023-10-31 09:41:25.105 [main] INFO  org.example.Main - END OP: Sub
2023-10-31 09:41:25.106 [main] INFO  org.example.Main - START OP: Mul
2023-10-31 09:41:25.106 [main] INFO  org.example.Main - END OP: Mul
2023-10-31 09:41:25.106 [main] INFO  org.example.Main - START OP: Mul
2023-10-31 09:41:25.106 [main] INFO  org.example.Main - END OP: Mul
2023-10-31 09:41:25.106 [main] INFO  org.example.Main - START OP: Div
2023-10-31 09:41:25.106 [main] INFO  org.example.Main - END OP: Div
2023-10-31 09:41:25.113 [main] INFO  org.example.Main - START OP: Add
2023-10-31 09:41:25.114 [main] INFO  org.example.Main - END OP: Add
2023-10-31 09:41:25.114 [main] INFO  org.example.Main - START OP: Div
2023-10-31 09:41:25.114 [main] INFO  org.example.Main - END OP: Div
2023-10-31 09:41:49.008 [main] INFO  org.example.Main - START OP: Add
2023-10-31 09:41:49.010 [main] INFO  org.example.Main - END OP: Add
2023-10-31 09:41:49.010 [main] INFO  org.example.Main - START OP: Div
2023-10-31 09:41:49.010 [main] INFO  org.example.Main - END OP: Div
2023-10-31 09:41:49.011 [main] INFO  org.example.Main - START OP: Div
2023-10-31 09:41:49.011 [main] INFO  org.example.Main - END OP: Div
2023-10-31 09:41:49.011 [main] INFO  org.example.Main - START OP: Sub
2023-10-31 09:41:49.011 [main] INFO  org.example.Main - END OP: Sub
2023-10-31 09:41:49.011 [main] INFO  org.example.Main - START OP: Sub
2023-10-31 09:41:49.012 [main] INFO  org.example.Main - END OP: Sub
2023-10-31 09:41:49.012 [main] INFO  org.example.Main - START OP: Mul
2023-10-31 09:41:49.012 [main] INFO  org.example.Main - END OP: Mul
2023-10-31 09:41:49.012 [main] INFO  org.example.Main - START OP: Mul
2023-10-31 09:41:49.012 [main] INFO  org.example.Main - END OP: Mul
2023-10-31 09:41:49.013 [main] INFO  org.example.Main - START OP: Sub
2023-10-31 09:41:49.013 [main] INFO  org.example.Main - END OP: Sub
2023-10-31 09:41:49.013 [main] INFO  org.example.Main - START OP: Add
2023-10-31 09:41:49.013 [main] INFO  org.example.Main - END OP: Add
2023-10-31 09:41:49.013 [main] INFO  org.example.Main - START OP: Sub
2023-10-31 09:41:49.013 [main] INFO  org.example.Main - END OP: Sub
2023-10-31 09:47:50.850 [main] INFO  org.example.Main - Start of Execution
2023-10-31 09:48:09.026 [main] INFO  org.example.Main - START OP: Sub
2023-10-31 09:48:09.026 [main] INFO  org.example.Main - END OP: Sub
2023-10-31 09:48:16.412 [main] INFO  org.example.Main - START OP: Sub
2023-10-31 09:48:16.412 [main] INFO  org.example.Main - END OP: Sub
2023-10-31 09:48:20.289 [main] INFO  org.example.Main - End of Execution
2023-10-31 10:35:15.466 [main] INFO  org.example.Main - START OP: Add
2023-10-31 10:35:15.468 [main] INFO  org.example.Main - END OP: Add
2023-10-31 10:35:15.469 [main] INFO  org.example.Main - START OP: Div
2023-10-31 10:35:15.469 [main] INFO  org.example.Main - END OP: Div
2023-10-31 10:35:15.469 [main] INFO  org.example.Main - START OP: Div
2023-10-31 10:35:15.469 [main] INFO  org.example.Main - END OP: Div
2023-10-31 10:35:15.469 [main] INFO  org.example.Main - START OP: Sub
2023-10-31 10:35:15.469 [main] INFO  org.example.Main - END OP: Sub
2023-10-31 10:35:15.470 [main] INFO  org.example.Main - START OP: Sub
2023-10-31 10:35:15.470 [main] INFO  org.example.Main - END OP: Sub
2023-10-31 10:35:15.472 [main] INFO  org.example.Main - START OP: Sub
2023-10-31 10:35:15.473 [main] INFO  org.example.Main - END OP: Sub
2023-10-31 10:35:15.473 [main] INFO  org.example.Main - START OP: Sub
2023-10-31 10:35:15.473 [main] INFO  org.example.Main - END OP: Sub
2023-10-31 10:35:15.474 [main] INFO  org.example.Main - START OP: Mul
2023-10-31 10:35:15.474 [main] INFO  org.example.Main - END OP: Mul
2023-10-31 10:35:15.475 [main] INFO  org.example.Main - START OP: Mul
2023-10-31 10:35:15.476 [main] INFO  org.example.Main - END OP: Mul
2023-10-31 10:35:15.477 [main] INFO  org.example.Main - START OP: Sub
2023-10-31 10:35:15.477 [main] INFO  org.example.Main - END OP: Sub
2023-10-31 10:35:15.477 [main] INFO  org.example.Main - START OP: Add
2023-10-31 10:35:15.477 [main] INFO  org.example.Main - END OP: Add
2023-10-31 10:35:15.478 [main] INFO  org.example.Main - START OP: Sub
2023-10-31 10:35:15.478 [main] INFO  org.example.Main - END OP: Sub
2023-10-31 10:38:23.940 [main] INFO  org.example.Main - START OP: Add
2023-10-31 10:38:23.942 [main] INFO  org.example.Main - END OP: Add
2023-10-31 10:38:23.943 [main] INFO  org.example.Main - START OP: Div
2023-10-31 10:38:23.943 [main] INFO  org.example.Main - END OP: Div
2023-10-31 10:38:23.943 [main] INFO  org.example.Main - START OP: Div
2023-10-31 10:38:23.943 [main] INFO  org.example.Main - END OP: Div
2023-10-31 10:38:23.943 [main] INFO  org.example.Main - START OP: Sub
2023-10-31 10:38:23.943 [main] INFO  org.example.Main - END OP: Sub
2023-10-31 10:38:23.944 [main] INFO  org.example.Main - START OP: Sub
2023-10-31 10:38:23.944 [main] INFO  org.example.Main - END OP: Sub
2023-10-31 10:38:23.945 [main] INFO  org.example.Main - START OP: Sub
2023-10-31 10:38:23.945 [main] INFO  org.example.Main - END OP: Sub
2023-10-31 10:38:23.945 [main] INFO  org.example.Main - START OP: Sub
2023-10-31 10:38:23.946 [main] INFO  org.example.Main - END OP: Sub
2023-10-31 10:38:23.946 [main] INFO  org.example.Main - START OP: Mul
2023-10-31 10:38:23.946 [main] INFO  org.example.Main - END OP: Mul
2023-10-31 10:38:23.946 [main] INFO  org.example.Main - START OP: Mul
2023-10-31 10:38:23.946 [main] INFO  org.example.Main - END OP: Mul
2023-10-31 10:38:23.947 [main] INFO  org.example.Main - START OP: Sub
2023-10-31 10:38:23.947 [main] INFO  org.example.Main - END OP: Sub
2023-10-31 10:38:23.947 [main] INFO  org.example.Main - START OP: Add
2023-10-31 10:38:23.947 [main] INFO  org.example.Main - END OP: Add
2023-10-31 10:38:23.948 [main] INFO  org.example.Main - START OP: Sub
2023-10-31 10:38:23.948 [main] INFO  org.example.Main - END OP: Sub
2023-10-31 10:39:16.541 [main] INFO  org.example.Main - Start of Execution
2023-10-31 10:39:21.201 [main] INFO  org.example.Main - START OP: Sub
2023-10-31 10:39:21.201 [main] INFO  org.example.Main - END OP: Sub
2023-10-31 10:39:26.329 [main] INFO  org.example.Main - START OP: Sub
2023-10-31 10:39:26.329 [main] INFO  org.example.Main - END OP: Sub
2023-10-31 10:39:32.377 [main] INFO  org.example.Main - START OP: Sub
2023-10-31 10:39:32.377 [main] INFO  org.example.Main - END OP: Sub
2023-10-31 10:39:35.031 [main] INFO  org.example.Main - End of Execution
2023-10-31 10:41:23.337 [main] INFO  org.example.Main - START OP: Add
2023-10-31 10:41:23.339 [main] INFO  org.example.Main - END OP: Add
2023-10-31 10:41:23.340 [main] INFO  org.example.Main - START OP: Div
2023-10-31 10:41:23.340 [main] INFO  org.example.Main - END OP: Div
2023-10-31 10:41:23.341 [main] INFO  org.example.Main - START OP: Log
2023-10-31 10:41:23.341 [main] INFO  org.example.Main - END OP: Log
2023-10-31 10:41:23.341 [main] INFO  org.example.Main - START OP: Div
2023-10-31 10:41:23.341 [main] INFO  org.example.Main - END OP: Div
2023-10-31 10:41:23.341 [main] INFO  org.example.Main - START OP: Log
2023-10-31 10:41:23.341 [main] INFO  org.example.Main - END OP: Log
2023-10-31 10:41:23.342 [main] INFO  org.example.Main - START OP: Sub
2023-10-31 10:41:23.342 [main] INFO  org.example.Main - END OP: Sub
2023-10-31 10:41:23.343 [main] INFO  org.example.Main - START OP: Sub
2023-10-31 10:41:23.343 [main] INFO  org.example.Main - END OP: Sub
2023-10-31 10:41:23.346 [main] INFO  org.example.Main - START OP: Log
2023-10-31 10:41:23.346 [main] INFO  org.example.Main - END OP: Log
2023-10-31 10:41:23.347 [main] INFO  org.example.Main - START OP: Log
2023-10-31 10:41:23.347 [main] INFO  org.example.Main - END OP: Log
2023-10-31 10:41:23.347 [main] INFO  org.example.Main - START OP: Mul
2023-10-31 10:41:23.347 [main] INFO  org.example.Main - END OP: Mul
2023-10-31 10:41:23.347 [main] INFO  org.example.Main - START OP: Mul
2023-10-31 10:41:23.347 [main] INFO  org.example.Main - END OP: Mul
2023-10-31 10:41:23.348 [main] INFO  org.example.Main - START OP: Pow
2023-10-31 10:41:23.348 [main] INFO  org.example.Main - END OP: Pow
2023-10-31 10:41:23.348 [main] INFO  org.example.Main - START OP: Add
2023-10-31 10:41:23.348 [main] INFO  org.example.Main - END OP: Add
2023-10-31 10:41:23.348 [main] INFO  org.example.Main - START OP: Pow
2023-10-31 10:41:23.348 [main] INFO  org.example.Main - END OP: Pow
2023-10-31 11:03:56.172 [main] INFO  org.example.Main - START OP: Add
2023-10-31 11:03:56.174 [main] INFO  org.example.Main - END OP: Add
2023-10-31 11:03:56.174 [main] INFO  org.example.Main - START OP: Div
2023-10-31 11:03:56.174 [main] INFO  org.example.Main - END OP: Div
2023-10-31 11:03:56.174 [main] INFO  org.example.Main - START OP: Log
2023-10-31 11:03:56.174 [main] INFO  org.example.Main - END OP: Log
2023-10-31 11:03:56.175 [main] INFO  org.example.Main - START OP: Div
2023-10-31 11:03:56.175 [main] INFO  org.example.Main - END OP: Div
2023-10-31 11:03:56.175 [main] INFO  org.example.Main - START OP: Log
2023-10-31 11:03:56.175 [main] INFO  org.example.Main - END OP: Log
2023-10-31 11:03:56.175 [main] INFO  org.example.Main - START OP: Sub
2023-10-31 11:03:56.175 [main] INFO  org.example.Main - END OP: Sub
2023-10-31 11:03:56.175 [main] INFO  org.example.Main - START OP: Sub
2023-10-31 11:03:56.175 [main] INFO  org.example.Main - END OP: Sub
2023-10-31 11:03:56.175 [main] INFO  org.example.Main - START OP: Log
2023-10-31 11:03:56.175 [main] INFO  org.example.Main - END OP: Log
2023-10-31 11:03:56.175 [main] INFO  org.example.Main - START OP: Log
2023-10-31 11:03:56.175 [main] INFO  org.example.Main - END OP: Log
2023-10-31 11:03:56.176 [main] INFO  org.example.Main - START OP: Mul
2023-10-31 11:03:56.176 [main] INFO  org.example.Main - END OP: Mul
2023-10-31 11:03:56.176 [main] INFO  org.example.Main - START OP: Mul
2023-10-31 11:03:56.176 [main] INFO  org.example.Main - END OP: Mul
2023-10-31 11:03:56.176 [main] INFO  org.example.Main - START OP: Pow
2023-10-31 11:03:56.176 [main] INFO  org.example.Main - END OP: Pow
2023-10-31 11:03:56.176 [main] INFO  org.example.Main - START OP: Add
2023-10-31 11:03:56.176 [main] INFO  org.example.Main - END OP: Add
2023-10-31 11:03:56.177 [main] INFO  org.example.Main - START OP: Pow
2023-10-31 11:03:56.177 [main] INFO  org.example.Main - END OP: Pow
2023-10-31 11:08:08.959 [main] INFO  org.example.Main - Start of Execution
2023-10-31 11:11:13.249 [main] INFO  org.example.Main - End of Execution
2023-10-31 10:59:21.131 [main] INFO  org.example.Main - Start of Execution
2023-10-31 11:11:35.818 [main] INFO  org.example.Main - End of Execution
2023-10-31 11:11:44.996 [main] INFO  org.example.Main - Start of Execution
2023-10-31 11:20:47.381 [main] INFO  org.example.Main - End of Execution
2023-11-07 16:37:42.638 [main] INFO  org.example.Main - START OP: Add
2023-11-07 16:37:42.639 [main] INFO  org.example.Main - END OP: Add
2023-11-07 16:37:42.640 [main] INFO  org.example.Main - START OP: Div
2023-11-07 16:37:42.640 [main] INFO  org.example.Main - END OP: Div
2023-11-07 16:37:42.640 [main] INFO  org.example.Main - START OP: Log
2023-11-07 16:37:42.640 [main] INFO  org.example.Main - END OP: Log
2023-11-07 16:37:42.640 [main] INFO  org.example.Main - START OP: Div
2023-11-07 16:37:42.640 [main] INFO  org.example.Main - END OP: Div
2023-11-07 16:37:42.640 [main] INFO  org.example.Main - START OP: Log
2023-11-07 16:37:42.640 [main] INFO  org.example.Main - END OP: Log
2023-11-07 16:37:42.641 [main] INFO  org.example.Main - START OP: Sub
2023-11-07 16:37:42.641 [main] INFO  org.example.Main - END OP: Sub
2023-11-07 16:37:42.641 [main] INFO  org.example.Main - START OP: Sub
2023-11-07 16:37:42.641 [main] INFO  org.example.Main - END OP: Sub
2023-11-07 16:37:42.641 [main] INFO  org.example.Main - START OP: Log
2023-11-07 16:37:42.641 [main] INFO  org.example.Main - END OP: Log
2023-11-07 16:37:42.641 [main] INFO  org.example.Main - START OP: Log
2023-11-07 16:37:42.641 [main] INFO  org.example.Main - END OP: Log
2023-11-07 16:37:42.642 [main] INFO  org.example.Main - START OP: Mul
2023-11-07 16:37:42.642 [main] INFO  org.example.Main - END OP: Mul
2023-11-07 16:37:42.642 [main] INFO  org.example.Main - START OP: Mul
2023-11-07 16:37:42.642 [main] INFO  org.example.Main - END OP: Mul
2023-11-07 16:37:42.642 [main] INFO  org.example.Main - START OP: Pow
2023-11-07 16:37:42.642 [main] INFO  org.example.Main - END OP: Pow
2023-11-07 16:37:42.642 [main] INFO  org.example.Main - START OP: Add
2023-11-07 16:37:42.642 [main] INFO  org.example.Main - END OP: Add
2023-11-07 16:37:42.643 [main] INFO  org.example.Main - START OP: Pow
2023-11-07 16:37:42.643 [main] INFO  org.example.Main - END OP: Pow
